<?xml version="1.0" encoding="UTF-8"?>
<coverage generated="1569527306893" clover="3.2.0">
  <project timestamp="1569527306893" name="All files">
    <metrics statements="21" coveredstatements="9" conditionals="8" coveredconditionals="3" methods="10" coveredmethods="6" elements="39" coveredelements="18" complexity="0" loc="21" ncloc="21" packages="1" files="1" classes="1"/>
    <file name="App.vue" path="/home/arto/mplan/chillpill/src/App.vue">
      <metrics statements="21" coveredstatements="9" conditionals="8" coveredconditionals="3" methods="10" coveredmethods="6"/>
      <line num="28" count="1" type="stmt"/>
      <line num="32" count="2" type="stmt"/>
      <line num="40" count="2" type="stmt"/>
      <line num="43" count="1" type="stmt"/>
      <line num="46" count="1" type="stmt"/>
      <line num="51" count="1" type="cond" truecount="2" falsecount="0"/>
      <line num="57" count="0" type="stmt"/>
      <line num="58" count="0" type="stmt"/>
      <line num="61" count="0" type="stmt"/>
      <line num="62" count="0" type="stmt"/>
      <line num="66" count="1" type="stmt"/>
      <line num="67" count="1" type="cond" truecount="1" falsecount="1"/>
      <line num="68" count="1" type="stmt"/>
      <line num="69" count="0" type="stmt"/>
      <line num="72" count="0" type="stmt"/>
      <line num="76" count="0" type="cond" truecount="0" falsecount="4"/>
      <line num="77" count="0" type="stmt"/>
      <line num="78" count="0" type="stmt"/>
      <line num="79" count="0" type="stmt"/>
      <line num="81" count="0" type="stmt"/>
      <line num="82" count="0" type="stmt"/>
    </file>
  </project>
</coverage>
