<?xml version="1.0" encoding="UTF-8"?>
<coverage generated="1569444469386" clover="3.2.0">
  <project timestamp="1569444469386" name="All files">
    <metrics statements="14" coveredstatements="5" conditionals="8" coveredconditionals="3" methods="6" coveredmethods="3" elements="28" coveredelements="11" complexity="0" loc="14" ncloc="14" packages="1" files="1" classes="1"/>
    <file name="App.vue" path="/home/arto/mplan/chillpill/src/App.vue">
      <metrics statements="14" coveredstatements="5" conditionals="8" coveredconditionals="3" methods="6" coveredmethods="3"/>
      <line num="24" count="2" type="stmt"/>
      <line num="32" count="1" type="cond" truecount="2" falsecount="0"/>
      <line num="38" count="0" type="stmt"/>
      <line num="39" count="0" type="stmt"/>
      <line num="43" count="1" type="stmt"/>
      <line num="44" count="1" type="cond" truecount="1" falsecount="1"/>
      <line num="45" count="1" type="stmt"/>
      <line num="46" count="0" type="stmt"/>
      <line num="49" count="0" type="stmt"/>
      <line num="53" count="0" type="cond" truecount="0" falsecount="4"/>
      <line num="54" count="0" type="stmt"/>
      <line num="55" count="0" type="stmt"/>
      <line num="57" count="0" type="stmt"/>
      <line num="58" count="0" type="stmt"/>
    </file>
  </project>
</coverage>
