{"/home/arto/mplan/chillpill/src/App.vue": {"path":"/home/arto/mplan/chillpill/src/App.vue","statementMap":{"0":{"start":{"line":28,"column":0},"end":{"line":28,"column":null}},"1":{"start":{"line":32,"column":0},"end":{"line":32,"column":null}},"2":{"start":{"line":40,"column":0},"end":{"line":40,"column":null}},"3":{"start":{"line":43,"column":0},"end":{"line":43,"column":null}},"4":{"start":{"line":46,"column":0},"end":{"line":46,"column":null}},"5":{"start":{"line":51,"column":0},"end":{"line":51,"column":null}},"6":{"start":{"line":57,"column":0},"end":{"line":57,"column":null}},"7":{"start":{"line":58,"column":0},"end":{"line":58,"column":null}},"8":{"start":{"line":61,"column":0},"end":{"line":61,"column":null}},"9":{"start":{"line":62,"column":0},"end":{"line":62,"column":null}},"10":{"start":{"line":66,"column":0},"end":{"line":66,"column":null}},"11":{"start":{"line":67,"column":0},"end":{"line":73,"column":null}},"12":{"start":{"line":68,"column":0},"end":{"line":70,"column":null}},"13":{"start":{"line":69,"column":0},"end":{"line":69,"column":null}},"14":{"start":{"line":72,"column":0},"end":{"line":72,"column":null}},"15":{"start":{"line":76,"column":0},"end":{"line":83,"column":null}},"16":{"start":{"line":77,"column":0},"end":{"line":77,"column":null}},"17":{"start":{"line":78,"column":0},"end":{"line":78,"column":null}},"18":{"start":{"line":79,"column":0},"end":{"line":79,"column":null}},"19":{"start":{"line":81,"column":0},"end":{"line":81,"column":null}},"20":{"start":{"line":82,"column":0},"end":{"line":82,"column":null}}},"fnMap":{"0":{"name":"data","decl":{"start":{"line":31,"column":0},"end":{"line":31,"column":null}},"loc":{"start":{"line":31,"column":0},"end":{"line":37,"column":null}}},"1":{"name":"minutes","decl":{"start":{"line":39,"column":0},"end":{"line":39,"column":null}},"loc":{"start":{"line":39,"column":0},"end":{"line":41,"column":null}}},"2":{"name":"seconds","decl":{"start":{"line":42,"column":0},"end":{"line":42,"column":null}},"loc":{"start":{"line":42,"column":0},"end":{"line":44,"column":null}}},"3":{"name":"formattedMillis","decl":{"start":{"line":45,"column":0},"end":{"line":45,"column":null}},"loc":{"start":{"line":45,"column":0},"end":{"line":47,"column":null}}},"4":{"name":"toggleCountdown","decl":{"start":{"line":50,"column":0},"end":{"line":50,"column":null}},"loc":{"start":{"line":50,"column":0},"end":{"line":55,"column":null}}},"5":{"name":"clearTimer","decl":{"start":{"line":56,"column":0},"end":{"line":56,"column":null}},"loc":{"start":{"line":56,"column":0},"end":{"line":59,"column":null}}},"6":{"name":"changeRemainingMillis","decl":{"start":{"line":60,"column":0},"end":{"line":60,"column":null}},"loc":{"start":{"line":60,"column":0},"end":{"line":63,"column":null}}},"7":{"name":"countingDown","decl":{"start":{"line":66,"column":0},"end":{"line":66,"column":null}},"loc":{"start":{"line":66,"column":0},"end":{"line":74,"column":null}}},"8":{"name":"(anonymous_9)","decl":{"start":{"line":68,"column":0},"end":{"line":68,"column":null}},"loc":{"start":{"line":68,"column":0},"end":{"line":70,"column":null}}},"9":{"name":"millis","decl":{"start":{"line":75,"column":0},"end":{"line":75,"column":null}},"loc":{"start":{"line":75,"column":0},"end":{"line":84,"column":null}}}},"branchMap":{"0":{"loc":{"start":{"line":51,"column":0},"end":{"line":51,"column":null}},"type":"cond-expr","locations":[{"start":{"line":51,"column":0},"end":{"line":51,"column":null}},{"start":{"line":51,"column":0},"end":{"line":51,"column":null}}]},"1":{"loc":{"start":{"line":67,"column":0},"end":{"line":73,"column":null}},"type":"if","locations":[{"start":{"line":67,"column":0},"end":{"line":73,"column":null}},{"start":{"line":67,"column":0},"end":{"line":73,"column":null}}]},"2":{"loc":{"start":{"line":76,"column":0},"end":{"line":83,"column":null}},"type":"if","locations":[{"start":{"line":76,"column":0},"end":{"line":83,"column":null}},{"start":{"line":76,"column":0},"end":{"line":83,"column":null}}]},"3":{"loc":{"start":{"line":76,"column":0},"end":{"line":76,"column":null}},"type":"binary-expr","locations":[{"start":{"line":76,"column":0},"end":{"line":76,"column":null}},{"start":{"line":76,"column":0},"end":{"line":76,"column":null}}]}},"s":{"0":1,"1":2,"2":2,"3":1,"4":1,"5":1,"6":0,"7":0,"8":0,"9":0,"10":1,"11":1,"12":1,"13":0,"14":0,"15":0,"16":0,"17":0,"18":0,"19":0,"20":0},"f":{"0":2,"1":2,"2":1,"3":1,"4":1,"5":0,"6":0,"7":1,"8":0,"9":0},"b":{"0":[1,2],"1":[1,0],"2":[0,0],"3":[0,0]}}
}
