TN:
SF:/home/arto/mplan/chillpill/src/App.vue
FN:23,data
FN:31,toggleCountdown
FN:37,clearTimer
FN:43,countingDown
FN:45,(anonymous_5)
FN:52,seconds
FNF:6
FNH:3
FNDA:2,data
FNDA:1,toggleCountdown
FNDA:0,clearTimer
FNDA:1,countingDown
FNDA:0,(anonymous_5)
FNDA:0,seconds
DA:24,2
DA:32,1
DA:38,0
DA:39,0
DA:43,1
DA:44,1
DA:45,1
DA:46,0
DA:49,0
DA:53,0
DA:54,0
DA:55,0
DA:56,0
DA:58,0
DA:59,0
LF:15
LH:5
BRDA:32,0,0,1
BRDA:32,0,1,2
BRDA:44,1,0,1
BRDA:44,1,1,0
BRDA:53,2,0,0
BRDA:53,2,1,0
BRDA:53,3,0,0
BRDA:53,3,1,0
BRF:8
BRH:3
end_of_record
