TN:
SF:/home/arto/mplan/chillpill/src/App.vue
FN:31,data
FN:39,minutes
FN:42,seconds
FN:45,formattedMillis
FN:50,toggleCountdown
FN:56,clearTimer
FN:60,changeRemainingMillis
FN:66,countingDown
FN:68,(anonymous_9)
FN:75,millis
FNF:10
FNH:6
FNDA:2,data
FNDA:2,minutes
FNDA:1,seconds
FNDA:1,formattedMillis
FNDA:1,toggleCountdown
FNDA:0,clearTimer
FNDA:0,changeRemainingMillis
FNDA:1,countingDown
FNDA:0,(anonymous_9)
FNDA:0,millis
DA:28,1
DA:32,2
DA:40,2
DA:43,1
DA:46,1
DA:51,1
DA:57,0
DA:58,0
DA:61,0
DA:62,0
DA:66,1
DA:67,1
DA:68,1
DA:69,0
DA:72,0
DA:76,0
DA:77,0
DA:78,0
DA:79,0
DA:81,0
DA:82,0
LF:21
LH:9
BRDA:51,0,0,1
BRDA:51,0,1,2
BRDA:67,1,0,1
BRDA:67,1,1,0
BRDA:76,2,0,0
BRDA:76,2,1,0
BRDA:76,3,0,0
BRDA:76,3,1,0
BRF:8
BRH:3
end_of_record
